This is pdfTeX, Version 3.1415926-1.40.10 (TeX Live 2009/Debian) (format=pdflatex 2014.5.22)  23 SEP 2014 08:11
entering extended mode
 %&-line parsing enabled.
**main.tex
(./main.tex
LaTeX2e <2009/09/24>
Babel <v3.8l> and hyphenation patterns for english, usenglishmax, dumylang, noh
yphenation, farsi, arabic, loaded.
(/usr/share/texmf-texlive/tex/latex/base/book.cls
Document Class: book 2007/10/19 v1.4h Standard LaTeX document class
(/usr/share/texmf-texlive/tex/latex/base/bk12.clo
File: bk12.clo 2007/10/19 v1.4h Standard LaTeX file (size option)
)
\c@part=\count79
\c@chapter=\count80
\c@section=\count81
\c@subsection=\count82
\c@subsubsection=\count83
\c@paragraph=\count84
\c@subparagraph=\count85
\c@figure=\count86
\c@table=\count87
\abovecaptionskip=\skip41
\belowcaptionskip=\skip42
\bibindent=\dimen102
)
(/usr/share/texmf-texlive/tex/latex/base/inputenc.sty
Package: inputenc 2008/03/30 v1.1d Input encoding file
\inpenc@prehook=\toks14
\inpenc@posthook=\toks15

(/usr/share/texmf-texlive/tex/latex/base/utf8.def
File: utf8.def 2008/04/05 v1.1m UTF-8 support for inputenc
Now handling font encoding OML ...
... no UTF-8 mapping file for font encoding OML
Now handling font encoding T1 ...
... processing UTF-8 mapping file for font encoding T1

(/usr/share/texmf-texlive/tex/latex/base/t1enc.dfu
File: t1enc.dfu 2008/04/05 v1.1m UTF-8 support for inputenc
   defining Unicode char U+00A1 (decimal 161)
   defining Unicode char U+00A3 (decimal 163)
   defining Unicode char U+00AB (decimal 171)
   defining Unicode char U+00BB (decimal 187)
   defining Unicode char U+00BF (decimal 191)
   defining Unicode char U+00C0 (decimal 192)
   defining Unicode char U+00C1 (decimal 193)
   defining Unicode char U+00C2 (decimal 194)
   defining Unicode char U+00C3 (decimal 195)
   defining Unicode char U+00C4 (decimal 196)
   defining Unicode char U+00C5 (decimal 197)
   defining Unicode char U+00C6 (decimal 198)
   defining Unicode char U+00C7 (decimal 199)
   defining Unicode char U+00C8 (decimal 200)
   defining Unicode char U+00C9 (decimal 201)
   defining Unicode char U+00CA (decimal 202)
   defining Unicode char U+00CB (decimal 203)
   defining Unicode char U+00CC (decimal 204)
   defining Unicode char U+00CD (decimal 205)
   defining Unicode char U+00CE (decimal 206)
   defining Unicode char U+00CF (decimal 207)
   defining Unicode char U+00D0 (decimal 208)
   defining Unicode char U+00D1 (decimal 209)
   defining Unicode char U+00D2 (decimal 210)
   defining Unicode char U+00D3 (decimal 211)
   defining Unicode char U+00D4 (decimal 212)
   defining Unicode char U+00D5 (decimal 213)
   defining Unicode char U+00D6 (decimal 214)
   defining Unicode char U+00D8 (decimal 216)
   defining Unicode char U+00D9 (decimal 217)
   defining Unicode char U+00DA (decimal 218)
   defining Unicode char U+00DB (decimal 219)
   defining Unicode char U+00DC (decimal 220)
   defining Unicode char U+00DD (decimal 221)
   defining Unicode char U+00DE (decimal 222)
   defining Unicode char U+00DF (decimal 223)
   defining Unicode char U+00E0 (decimal 224)
   defining Unicode char U+00E1 (decimal 225)
   defining Unicode char U+00E2 (decimal 226)
   defining Unicode char U+00E3 (decimal 227)
   defining Unicode char U+00E4 (decimal 228)
   defining Unicode char U+00E5 (decimal 229)
   defining Unicode char U+00E6 (decimal 230)
   defining Unicode char U+00E7 (decimal 231)
   defining Unicode char U+00E8 (decimal 232)
   defining Unicode char U+00E9 (decimal 233)
   defining Unicode char U+00EA (decimal 234)
   defining Unicode char U+00EB (decimal 235)
   defining Unicode char U+00EC (decimal 236)
   defining Unicode char U+00ED (decimal 237)
   defining Unicode char U+00EE (decimal 238)
   defining Unicode char U+00EF (decimal 239)
   defining Unicode char U+00F0 (decimal 240)
   defining Unicode char U+00F1 (decimal 241)
   defining Unicode char U+00F2 (decimal 242)
   defining Unicode char U+00F3 (decimal 243)
   defining Unicode char U+00F4 (decimal 244)
   defining Unicode char U+00F5 (decimal 245)
   defining Unicode char U+00F6 (decimal 246)
   defining Unicode char U+00F8 (decimal 248)
   defining Unicode char U+00F9 (decimal 249)
   defining Unicode char U+00FA (decimal 250)
   defining Unicode char U+00FB (decimal 251)
   defining Unicode char U+00FC (decimal 252)
   defining Unicode char U+00FD (decimal 253)
   defining Unicode char U+00FE (decimal 254)
   defining Unicode char U+00FF (decimal 255)
   defining Unicode char U+0102 (decimal 258)
   defining Unicode char U+0103 (decimal 259)
   defining Unicode char U+0104 (decimal 260)
   defining Unicode char U+0105 (decimal 261)
   defining Unicode char U+0106 (decimal 262)
   defining Unicode char U+0107 (decimal 263)
   defining Unicode char U+010C (decimal 268)
   defining Unicode char U+010D (decimal 269)
   defining Unicode char U+010E (decimal 270)
   defining Unicode char U+010F (decimal 271)
   defining Unicode char U+0110 (decimal 272)
   defining Unicode char U+0111 (decimal 273)
   defining Unicode char U+0118 (decimal 280)
   defining Unicode char U+0119 (decimal 281)
   defining Unicode char U+011A (decimal 282)
   defining Unicode char U+011B (decimal 283)
   defining Unicode char U+011E (decimal 286)
   defining Unicode char U+011F (decimal 287)
   defining Unicode char U+0130 (decimal 304)
   defining Unicode char U+0131 (decimal 305)
   defining Unicode char U+0132 (decimal 306)
   defining Unicode char U+0133 (decimal 307)
   defining Unicode char U+0139 (decimal 313)
   defining Unicode char U+013A (decimal 314)
   defining Unicode char U+013D (decimal 317)
   defining Unicode char U+013E (decimal 318)
   defining Unicode char U+0141 (decimal 321)
   defining Unicode char U+0142 (decimal 322)
   defining Unicode char U+0143 (decimal 323)
   defining Unicode char U+0144 (decimal 324)
   defining Unicode char U+0147 (decimal 327)
   defining Unicode char U+0148 (decimal 328)
   defining Unicode char U+014A (decimal 330)
   defining Unicode char U+014B (decimal 331)
   defining Unicode char U+0150 (decimal 336)
   defining Unicode char U+0151 (decimal 337)
   defining Unicode char U+0152 (decimal 338)
   defining Unicode char U+0153 (decimal 339)
   defining Unicode char U+0154 (decimal 340)
   defining Unicode char U+0155 (decimal 341)
   defining Unicode char U+0158 (decimal 344)
   defining Unicode char U+0159 (decimal 345)
   defining Unicode char U+015A (decimal 346)
   defining Unicode char U+015B (decimal 347)
   defining Unicode char U+015E (decimal 350)
   defining Unicode char U+015F (decimal 351)
   defining Unicode char U+0160 (decimal 352)
   defining Unicode char U+0161 (decimal 353)
   defining Unicode char U+0162 (decimal 354)
   defining Unicode char U+0163 (decimal 355)
   defining Unicode char U+0164 (decimal 356)
   defining Unicode char U+0165 (decimal 357)
   defining Unicode char U+016E (decimal 366)
   defining Unicode char U+016F (decimal 367)
   defining Unicode char U+0170 (decimal 368)
   defining Unicode char U+0171 (decimal 369)
   defining Unicode char U+0178 (decimal 376)
   defining Unicode char U+0179 (decimal 377)
   defining Unicode char U+017A (decimal 378)
   defining Unicode char U+017B (decimal 379)
   defining Unicode char U+017C (decimal 380)
   defining Unicode char U+017D (decimal 381)
   defining Unicode char U+017E (decimal 382)
   defining Unicode char U+200C (decimal 8204)
   defining Unicode char U+2013 (decimal 8211)
   defining Unicode char U+2014 (decimal 8212)
   defining Unicode char U+2018 (decimal 8216)
   defining Unicode char U+2019 (decimal 8217)
   defining Unicode char U+201A (decimal 8218)
   defining Unicode char U+201C (decimal 8220)
   defining Unicode char U+201D (decimal 8221)
   defining Unicode char U+201E (decimal 8222)
   defining Unicode char U+2030 (decimal 8240)
   defining Unicode char U+2031 (decimal 8241)
   defining Unicode char U+2039 (decimal 8249)
   defining Unicode char U+203A (decimal 8250)
   defining Unicode char U+2423 (decimal 9251)
)
Now handling font encoding OT1 ...
... processing UTF-8 mapping file for font encoding OT1

(/usr/share/texmf-texlive/tex/latex/base/ot1enc.dfu
File: ot1enc.dfu 2008/04/05 v1.1m UTF-8 support for inputenc
   defining Unicode char U+00A1 (decimal 161)
   defining Unicode char U+00A3 (decimal 163)
   defining Unicode char U+00B8 (decimal 184)
   defining Unicode char U+00BF (decimal 191)
   defining Unicode char U+00C5 (decimal 197)
   defining Unicode char U+00C6 (decimal 198)
   defining Unicode char U+00D8 (decimal 216)
   defining Unicode char U+00DF (decimal 223)
   defining Unicode char U+00E6 (decimal 230)
   defining Unicode char U+00EC (decimal 236)
   defining Unicode char U+00ED (decimal 237)
   defining Unicode char U+00EE (decimal 238)
   defining Unicode char U+00EF (decimal 239)
   defining Unicode char U+00F8 (decimal 248)
   defining Unicode char U+0131 (decimal 305)
   defining Unicode char U+0141 (decimal 321)
   defining Unicode char U+0142 (decimal 322)
   defining Unicode char U+0152 (decimal 338)
   defining Unicode char U+0153 (decimal 339)
   defining Unicode char U+2013 (decimal 8211)
   defining Unicode char U+2014 (decimal 8212)
   defining Unicode char U+2018 (decimal 8216)
   defining Unicode char U+2019 (decimal 8217)
   defining Unicode char U+201C (decimal 8220)
   defining Unicode char U+201D (decimal 8221)
)
Now handling font encoding OMS ...
... processing UTF-8 mapping file for font encoding OMS

(/usr/share/texmf-texlive/tex/latex/base/omsenc.dfu
File: omsenc.dfu 2008/04/05 v1.1m UTF-8 support for inputenc
   defining Unicode char U+00A7 (decimal 167)
   defining Unicode char U+00B6 (decimal 182)
   defining Unicode char U+00B7 (decimal 183)
   defining Unicode char U+2020 (decimal 8224)
   defining Unicode char U+2021 (decimal 8225)
   defining Unicode char U+2022 (decimal 8226)
)
Now handling font encoding OMX ...
... no UTF-8 mapping file for font encoding OMX
Now handling font encoding U ...
... no UTF-8 mapping file for font encoding U
   defining Unicode char U+00A9 (decimal 169)
   defining Unicode char U+00AA (decimal 170)
   defining Unicode char U+00AE (decimal 174)
   defining Unicode char U+00BA (decimal 186)
   defining Unicode char U+02C6 (decimal 710)
   defining Unicode char U+02DC (decimal 732)
   defining Unicode char U+200C (decimal 8204)
   defining Unicode char U+2026 (decimal 8230)
   defining Unicode char U+2122 (decimal 8482)
   defining Unicode char U+2423 (decimal 9251)
))
(/usr/share/texmf-texlive/tex/generic/babel/babel.sty
Package: babel 2008/07/06 v3.8l The Babel package

(/usr/share/texmf-texlive/tex/generic/babel/frenchb.ldf
Language: frenchb 2009/03/16 v2.3d French support from the babel system

(/usr/share/texmf-texlive/tex/generic/babel/babel.def
File: babel.def 2008/07/06 v3.8l Babel common definitions
\babel@savecnt=\count88
\U@D=\dimen103
)

Package babel Warning: No hyphenation patterns were loaded for
(babel)                the language `French'
(babel)                I will use the patterns loaded for \language=0 instead.

\l@french = a dialect from \language0
Package babel Info: Making : an active character on input line 120.
Package babel Info: Making ; an active character on input line 121.
Package babel Info: Making ! an active character on input line 122.
Package babel Info: Making ? an active character on input line 123.
\FB@Mht=\dimen104
\std@mcc=\count89
\dec@mcc=\count90
\parindentFFN=\dimen105
*************************************
* Local config file frenchb.cfg used
*
(/usr/share/texmf-texlive/tex/generic/babel/frenchb.cfg)))
(/usr/share/texmf-texlive/tex/latex/carlisle/scalefnt.sty)
(/usr/share/texmf-texlive/tex/latex/graphics/keyval.sty
Package: keyval 1999/03/16 v1.13 key=value parser (DPC)
\KV@toks@=\toks16
)
(/usr/share/texmf-texlive/tex/latex/base/fontenc.sty
Package: fontenc 2005/09/27 v1.99g Standard LaTeX package

(/usr/share/texmf-texlive/tex/latex/base/t1enc.def
File: t1enc.def 2005/09/27 v1.99g Standard LaTeX file
LaTeX Font Info:    Redeclaring font encoding T1 on input line 43.
))
(/usr/share/texmf-texlive/tex/latex/amsmath/amsmath.sty
Package: amsmath 2000/07/18 v2.13 AMS math features
\@mathmargin=\skip43

For additional information on amsmath, use the `?' option.
(/usr/share/texmf-texlive/tex/latex/amsmath/amstext.sty
Package: amstext 2000/06/29 v2.01

(/usr/share/texmf-texlive/tex/latex/amsmath/amsgen.sty
File: amsgen.sty 1999/11/30 v2.0
\@emptytoks=\toks17
\ex@=\dimen106
))
(/usr/share/texmf-texlive/tex/latex/amsmath/amsbsy.sty
Package: amsbsy 1999/11/29 v1.2d
\pmbraise@=\dimen107
)
(/usr/share/texmf-texlive/tex/latex/amsmath/amsopn.sty
Package: amsopn 1999/12/14 v2.01 operator names
)
\inf@bad=\count91
LaTeX Info: Redefining \frac on input line 211.
\uproot@=\count92
\leftroot@=\count93
LaTeX Info: Redefining \overline on input line 307.
\classnum@=\count94
\DOTSCASE@=\count95
LaTeX Info: Redefining \ldots on input line 379.
LaTeX Info: Redefining \dots on input line 382.
LaTeX Info: Redefining \cdots on input line 467.
\Mathstrutbox@=\box26
\strutbox@=\box27
\big@size=\dimen108
LaTeX Font Info:    Redeclaring font encoding OML on input line 567.
LaTeX Font Info:    Redeclaring font encoding OMS on input line 568.
\macc@depth=\count96
\c@MaxMatrixCols=\count97
\dotsspace@=\muskip10
\c@parentequation=\count98
\dspbrk@lvl=\count99
\tag@help=\toks18
\row@=\count100
\column@=\count101
\maxfields@=\count102
\andhelp@=\toks19
\eqnshift@=\dimen109
\alignsep@=\dimen110
\tagshift@=\dimen111
\tagwidth@=\dimen112
\totwidth@=\dimen113
\lineht@=\dimen114
\@envbody=\toks20
\multlinegap=\skip44
\multlinetaggap=\skip45
\mathdisplay@stack=\toks21
LaTeX Info: Redefining \[ on input line 2666.
LaTeX Info: Redefining \] on input line 2667.
)
(/usr/share/texmf-texlive/tex/latex/amsfonts/amsfonts.sty
Package: amsfonts 2009/06/22 v3.00 Basic AMSFonts support
\symAMSa=\mathgroup4
\symAMSb=\mathgroup5
LaTeX Font Info:    Overwriting math alphabet `\mathfrak' in version `bold'
(Font)                  U/euf/m/n --> U/euf/b/n on input line 96.
)
(/usr/share/texmf-texlive/tex/latex/amsfonts/amssymb.sty
Package: amssymb 2009/06/22 v3.00
)
(/usr/share/texmf-texlive/tex/latex/geometry/geometry.sty
Package: geometry 2008/12/21 v4.2 Page Geometry

(/usr/share/texmf-texlive/tex/generic/oberdiek/ifpdf.sty
Package: ifpdf 2009/04/10 v2.0 Provides the ifpdf switch (HO)
Package ifpdf Info: pdfTeX in pdf mode detected.
)
(/usr/share/texmf-texlive/tex/generic/oberdiek/ifvtex.sty
Package: ifvtex 2008/11/04 v1.4 Switches for detecting VTeX and its modes (HO)
Package ifvtex Info: VTeX not detected.
)
\Gm@cnth=\count103
\Gm@cntv=\count104
\c@Gm@tempcnt=\count105
\Gm@bindingoffset=\dimen115
\Gm@wd@mp=\dimen116
\Gm@odd@mp=\dimen117
\Gm@even@mp=\dimen118
\Gm@dimlist=\toks22

(/usr/share/texmf-texlive/tex/xelatex/xetexconfig/geometry.cfg))
(./algorithme.sty
Package: algorithme 
 (/usr/share/texmf-texlive/tex/latex/float/float.sty
Package: float 2001/11/08 v1.3d Float enhancements (AL)
\c@float@type=\count106
\float@exts=\toks23
\float@box=\box28
\@float@everytoks=\toks24
\@floatcapt=\box29
)
(/usr/share/texmf-texlive/tex/latex/base/ifthen.sty
Package: ifthen 2001/05/26 v1.1c Standard LaTeX ifthen package (DPC)
)
(/usr/share/texmf-texlive/tex/latex/tools/calc.sty
Package: calc 2007/08/22 v4.3 Infix arithmetic (KKT,FJ)
\calc@Acount=\count107
\calc@Bcount=\count108
\calc@Adimen=\dimen119
\calc@Bdimen=\dimen120
\calc@Askip=\skip46
\calc@Bskip=\skip47
LaTeX Info: Redefining \setlength on input line 76.
LaTeX Info: Redefining \addtolength on input line 77.
\calc@Ccount=\count109
\calc@Cskip=\skip48
)
\@float@every@algorithmfloat=\toks25
\c@algorithmfloat=\count110
\alglength=\skip49
)
(/usr/share/texmf-texlive/tex/latex/siunitx/siunitx.sty
Package: siunitx 2009/09/21 v1.3a A comprehensive (SI) units package

(/usr/share/texmf-texlive/tex/latex/xkeyval/xkeyval.sty
Package: xkeyval 2008/08/13 v2.6a package option processing (HA)

(/usr/share/texmf-texlive/tex/generic/xkeyval/xkeyval.tex
\XKV@toks=\toks26
\XKV@tempa@toks=\toks27
\XKV@depth=\count111
File: xkeyval.tex 2008/08/13 v2.6a key=value parser (HA)
))
(/usr/share/texmf-texlive/tex/latex/tools/array.sty
Package: array 2008/09/09 v2.4c Tabular extension package (FMi)
\col@sep=\dimen121
\extrarowheight=\dimen122
\NC@list=\toks28
\extratabsurround=\skip50
\backup@length=\skip51
)
(/usr/share/texmf-texlive/tex/latex/tools/xspace.sty
Package: xspace 2006/05/08 v1.12 Space after command names (DPC,MH)
)
\si@tempboxa=\box30
\si@tempboxb=\box31
\si@tempboxc=\box32
\si@tempboxd=\box33
\si@temptoks=\toks29
\si@tab@mantprecnt=\count112
\si@tab@mantpostcnt=\count113
\si@tab@expprecnt=\count114
\si@tab@exppostcnt=\count115
\si@num@dp=\count116
\si@num@sf=\count117
Now handling font encoding TS1 ...
... processing UTF-8 mapping file for font encoding TS1

(/usr/share/texmf-texlive/tex/latex/base/ts1enc.dfu
File: ts1enc.dfu 2008/04/05 v1.1m UTF-8 support for inputenc
   defining Unicode char U+00A2 (decimal 162)
   defining Unicode char U+00A3 (decimal 163)
   defining Unicode char U+00A4 (decimal 164)
   defining Unicode char U+00A5 (decimal 165)
   defining Unicode char U+00A6 (decimal 166)
   defining Unicode char U+00A7 (decimal 167)
   defining Unicode char U+00A8 (decimal 168)
   defining Unicode char U+00A9 (decimal 169)
   defining Unicode char U+00AA (decimal 170)
   defining Unicode char U+00AC (decimal 172)
   defining Unicode char U+00AE (decimal 174)
   defining Unicode char U+00AF (decimal 175)
   defining Unicode char U+00B0 (decimal 176)
   defining Unicode char U+00B1 (decimal 177)
   defining Unicode char U+00B2 (decimal 178)
   defining Unicode char U+00B3 (decimal 179)
   defining Unicode char U+00B4 (decimal 180)
   defining Unicode char U+00B5 (decimal 181)
   defining Unicode char U+00B6 (decimal 182)
   defining Unicode char U+00B7 (decimal 183)
   defining Unicode char U+00B9 (decimal 185)
   defining Unicode char U+00BA (decimal 186)
   defining Unicode char U+00BC (decimal 188)
   defining Unicode char U+00BD (decimal 189)
   defining Unicode char U+00BE (decimal 190)
   defining Unicode char U+00D7 (decimal 215)
   defining Unicode char U+00F7 (decimal 247)
   defining Unicode char U+0192 (decimal 402)
   defining Unicode char U+02C7 (decimal 711)
   defining Unicode char U+02D8 (decimal 728)
   defining Unicode char U+02DD (decimal 733)
   defining Unicode char U+0E3F (decimal 3647)
   defining Unicode char U+2016 (decimal 8214)
   defining Unicode char U+2020 (decimal 8224)
   defining Unicode char U+2021 (decimal 8225)
   defining Unicode char U+2022 (decimal 8226)
   defining Unicode char U+2030 (decimal 8240)
   defining Unicode char U+2031 (decimal 8241)
   defining Unicode char U+203B (decimal 8251)
   defining Unicode char U+203D (decimal 8253)
   defining Unicode char U+2044 (decimal 8260)
   defining Unicode char U+204E (decimal 8270)
   defining Unicode char U+2052 (decimal 8274)
   defining Unicode char U+20A1 (decimal 8353)
   defining Unicode char U+20A4 (decimal 8356)
   defining Unicode char U+20A6 (decimal 8358)
   defining Unicode char U+20A9 (decimal 8361)
   defining Unicode char U+20AB (decimal 8363)
   defining Unicode char U+20AC (decimal 8364)
   defining Unicode char U+20B1 (decimal 8369)
   defining Unicode char U+2103 (decimal 8451)
   defining Unicode char U+2116 (decimal 8470)
   defining Unicode char U+2117 (decimal 8471)
   defining Unicode char U+211E (decimal 8478)
   defining Unicode char U+2120 (decimal 8480)
   defining Unicode char U+2122 (decimal 8482)
   defining Unicode char U+2126 (decimal 8486)
   defining Unicode char U+2127 (decimal 8487)
   defining Unicode char U+212E (decimal 8494)
   defining Unicode char U+2190 (decimal 8592)
   defining Unicode char U+2191 (decimal 8593)
   defining Unicode char U+2192 (decimal 8594)
   defining Unicode char U+2193 (decimal 8595)
   defining Unicode char U+2329 (decimal 9001)
   defining Unicode char U+232A (decimal 9002)
   defining Unicode char U+2422 (decimal 9250)
   defining Unicode char U+25E6 (decimal 9702)
   defining Unicode char U+25EF (decimal 9711)
   defining Unicode char U+266A (decimal 9834)
)
\si@eVcorra=\skip52
\si@eVcorrb=\skip53
\si@frc@displen=\skip54
\si@frc@textlen=\skip55
\si@frc@suplen=\skip56
\si@frc@ssuplen=\skip57
\si@num@rndtarget=\count118
\si@tab@toks=\toks30
\si@tab@pretoks=\toks31
\si@tab@posttoks=\toks32
\si@tempcnta=\count119
\si@tempcntb=\count120
\si@tab@prebox=\box34
\si@tab@midbox=\box35
\si@tab@postbox=\box36
\si@tab@expbox=\box37
\si@tab@predim=\dimen123
\si@tab@postdim=\dimen124
\si@tab@expdim=\dimen125
\si@tempdima=\dimen126
\si@tempdimb=\dimen127
\si@unt@unitcnta=\count121
\si@unt@unitcntb=\count122
\si@unt@depthcnt=\count123
\si@unt@prefixcnt=\count124
\si@unt@powerdim=\dimen128

(/usr/share/texmf-texlive/tex/latex/siunitx/config/si-prefix.cfg
File: si-prefix.cfg 2009/09/21 v1.3a siunitx: SI Multiple prefixes
Package siunitx Info: Redefining unit \kilogram on input line 46.
)
(/usr/share/texmf-texlive/tex/latex/siunitx/config/si-named.cfg
File: si-named.cfg 2009/09/21 v1.3a siunitx: SI Named units
)
(/usr/share/texmf-texlive/tex/latex/siunitx/config/si-addn.cfg
File: si-addn.cfg 2009/09/21 v1.3a siunitx: SI Additional units
)
(/usr/share/texmf-texlive/tex/latex/siunitx/config/si-prefixed.cfg
File: si-prefixed.cfg 2009/09/21 v1.3a siunitx: SI Prefixed units

(/usr/share/texmf-texlive/tex/latex/siunitx/config/si-accepted.cfg
File: si-accepted.cfg 2009/09/21 v1.3a siunitx: SI Accepted units
)
(/usr/share/texmf-texlive/tex/latex/siunitx/config/si-physical.cfg
File: si-physical.cfg 2009/09/21 v1.3a siunitx: SI Physically-measured units
))
(/usr/share/texmf-texlive/tex/latex/siunitx/config/si-abbr.cfg
File: si-abbr.cfg 2009/09/21 v1.3a siunitx: Abbreviated units
))
(/usr/share/texmf-texlive/tex/latex/titlesec/titlesec.sty
Package: titlesec 2007/08/12 v2.8 Sectioning titles
\ttl@box=\box38
\beforetitleunit=\skip58
\aftertitleunit=\skip59
\ttl@plus=\dimen129
\ttl@minus=\dimen130
\ttl@toksa=\toks33
\titlewidth=\dimen131
\titlewidthlast=\dimen132
\titlewidthfirst=\dimen133
)
(/usr/share/texmf/tex/latex/pgf/frontendlayer/tikz.sty
(/usr/share/texmf/tex/latex/pgf/basiclayer/pgf.sty
(/usr/share/texmf/tex/latex/pgf/utilities/pgfrcs.sty
(/usr/share/texmf/tex/generic/pgf/utilities/pgfutil-common.tex
\pgfutil@everybye=\toks34
)
(/usr/share/texmf/tex/generic/pgf/utilities/pgfutil-latex.def
\pgfutil@abb=\box39

(/usr/share/texmf-texlive/tex/latex/ms/everyshi.sty
Package: everyshi 2001/05/15 v3.00 EveryShipout Package (MS)
))
(/usr/share/texmf/tex/generic/pgf/utilities/pgfrcs.code.tex
Package: pgfrcs 2010/10/25 v2.10 (rcs-revision 1.24)
))
Package: pgf 2008/01/15 v2.10 (rcs-revision 1.12)

(/usr/share/texmf/tex/latex/pgf/basiclayer/pgfcore.sty
(/usr/share/texmf-texlive/tex/latex/graphics/graphicx.sty
Package: graphicx 1999/02/16 v1.0f Enhanced LaTeX Graphics (DPC,SPQR)

(/usr/share/texmf-texlive/tex/latex/graphics/graphics.sty
Package: graphics 2009/02/05 v1.0o Standard LaTeX Graphics (DPC,SPQR)

(/usr/share/texmf-texlive/tex/latex/graphics/trig.sty
Package: trig 1999/03/16 v1.09 sin cos tan (DPC)
)
(/etc/texmf/tex/latex/config/graphics.cfg
File: graphics.cfg 2009/08/28 v1.8 graphics configuration of TeX Live
)
Package graphics Info: Driver file: pdftex.def on input line 91.

(/usr/share/texmf-texlive/tex/latex/pdftex-def/pdftex.def
File: pdftex.def 2010/03/12 v0.04p Graphics/color for pdfTeX
\Gread@gobject=\count125
))
\Gin@req@height=\dimen134
\Gin@req@width=\dimen135
)
(/usr/share/texmf/tex/latex/pgf/systemlayer/pgfsys.sty
(/usr/share/texmf/tex/generic/pgf/systemlayer/pgfsys.code.tex
Package: pgfsys 2010/06/30 v2.10 (rcs-revision 1.37)

(/usr/share/texmf/tex/generic/pgf/utilities/pgfkeys.code.tex
\pgfkeys@pathtoks=\toks35
\pgfkeys@temptoks=\toks36

(/usr/share/texmf/tex/generic/pgf/utilities/pgfkeysfiltered.code.tex
\pgfkeys@tmptoks=\toks37
))
\pgf@x=\dimen136
\pgf@y=\dimen137
\pgf@xa=\dimen138
\pgf@ya=\dimen139
\pgf@xb=\dimen140
\pgf@yb=\dimen141
\pgf@xc=\dimen142
\pgf@yc=\dimen143
\w@pgf@writea=\write3
\r@pgf@reada=\read1
\c@pgf@counta=\count126
\c@pgf@countb=\count127
\c@pgf@countc=\count128
\c@pgf@countd=\count129

(/usr/share/texmf/tex/generic/pgf/systemlayer/pgf.cfg
File: pgf.cfg 2008/05/14  (rcs-revision 1.7)
)
Package pgfsys Info: Driver file for pgf: pgfsys-pdftex.def on input line 900.

(/usr/share/texmf/tex/generic/pgf/systemlayer/pgfsys-pdftex.def
File: pgfsys-pdftex.def 2009/05/22  (rcs-revision 1.26)

(/usr/share/texmf/tex/generic/pgf/systemlayer/pgfsys-common-pdf.def
File: pgfsys-common-pdf.def 2008/05/19  (rcs-revision 1.10)
)))
(/usr/share/texmf/tex/generic/pgf/systemlayer/pgfsyssoftpath.code.tex
File: pgfsyssoftpath.code.tex 2008/07/18  (rcs-revision 1.7)
\pgfsyssoftpath@smallbuffer@items=\count130
\pgfsyssoftpath@bigbuffer@items=\count131
)
(/usr/share/texmf/tex/generic/pgf/systemlayer/pgfsysprotocol.code.tex
File: pgfsysprotocol.code.tex 2006/10/16  (rcs-revision 1.4)
))
(/usr/share/texmf/tex/latex/xcolor/xcolor.sty
Package: xcolor 2007/01/21 v2.11 LaTeX color extensions (UK)

(/etc/texmf/tex/latex/config/color.cfg
File: color.cfg 2007/01/18 v1.5 color configuration of teTeX/TeXLive
)
Package xcolor Info: Driver file: pdftex.def on input line 225.
Package xcolor Info: Model `cmy' substituted by `cmy0' on input line 1337.
Package xcolor Info: Model `hsb' substituted by `rgb' on input line 1341.
Package xcolor Info: Model `RGB' extended on input line 1353.
Package xcolor Info: Model `HTML' substituted by `rgb' on input line 1355.
Package xcolor Info: Model `Hsb' substituted by `hsb' on input line 1356.
Package xcolor Info: Model `tHsb' substituted by `hsb' on input line 1357.
Package xcolor Info: Model `HSB' substituted by `hsb' on input line 1358.
Package xcolor Info: Model `Gray' substituted by `gray' on input line 1359.
Package xcolor Info: Model `wave' substituted by `hsb' on input line 1360.
)
(/usr/share/texmf/tex/generic/pgf/basiclayer/pgfcore.code.tex
Package: pgfcore 2010/04/11 v2.10 (rcs-revision 1.7)

(/usr/share/texmf/tex/generic/pgf/math/pgfmath.code.tex
(/usr/share/texmf/tex/generic/pgf/math/pgfmathcalc.code.tex
(/usr/share/texmf/tex/generic/pgf/math/pgfmathutil.code.tex)
(/usr/share/texmf/tex/generic/pgf/math/pgfmathparser.code.tex
\pgfmath@dimen=\dimen144
\pgfmath@count=\count132
\pgfmath@box=\box40
\pgfmath@toks=\toks38
\pgfmath@stack@operand=\toks39
\pgfmath@stack@operation=\toks40
)
(/usr/share/texmf/tex/generic/pgf/math/pgfmathfunctions.code.tex
(/usr/share/texmf/tex/generic/pgf/math/pgfmathfunctions.basic.code.tex)
(/usr/share/texmf/tex/generic/pgf/math/pgfmathfunctions.trigonometric.code.tex)
(/usr/share/texmf/tex/generic/pgf/math/pgfmathfunctions.random.code.tex)
(/usr/share/texmf/tex/generic/pgf/math/pgfmathfunctions.comparison.code.tex)
(/usr/share/texmf/tex/generic/pgf/math/pgfmathfunctions.base.code.tex)
(/usr/share/texmf/tex/generic/pgf/math/pgfmathfunctions.round.code.tex)
(/usr/share/texmf/tex/generic/pgf/math/pgfmathfunctions.misc.code.tex)))
(/usr/share/texmf/tex/generic/pgf/math/pgfmathfloat.code.tex
\c@pgfmathroundto@lastzeros=\count133
))
(/usr/share/texmf/tex/generic/pgf/basiclayer/pgfcorepoints.code.tex
File: pgfcorepoints.code.tex 2010/04/09  (rcs-revision 1.20)
\pgf@picminx=\dimen145
\pgf@picmaxx=\dimen146
\pgf@picminy=\dimen147
\pgf@picmaxy=\dimen148
\pgf@pathminx=\dimen149
\pgf@pathmaxx=\dimen150
\pgf@pathminy=\dimen151
\pgf@pathmaxy=\dimen152
\pgf@xx=\dimen153
\pgf@xy=\dimen154
\pgf@yx=\dimen155
\pgf@yy=\dimen156
\pgf@zx=\dimen157
\pgf@zy=\dimen158
)
(/usr/share/texmf/tex/generic/pgf/basiclayer/pgfcorepathconstruct.code.tex
File: pgfcorepathconstruct.code.tex 2010/08/03  (rcs-revision 1.24)
\pgf@path@lastx=\dimen159
\pgf@path@lasty=\dimen160
)
(/usr/share/texmf/tex/generic/pgf/basiclayer/pgfcorepathusage.code.tex
File: pgfcorepathusage.code.tex 2008/04/22  (rcs-revision 1.12)
\pgf@shorten@end@additional=\dimen161
\pgf@shorten@start@additional=\dimen162
)
(/usr/share/texmf/tex/generic/pgf/basiclayer/pgfcorescopes.code.tex
File: pgfcorescopes.code.tex 2010/09/08  (rcs-revision 1.34)
\pgfpic=\box41
\pgf@hbox=\box42
\pgf@layerbox@main=\box43
\pgf@picture@serial@count=\count134
)
(/usr/share/texmf/tex/generic/pgf/basiclayer/pgfcoregraphicstate.code.tex
File: pgfcoregraphicstate.code.tex 2008/04/22  (rcs-revision 1.9)
\pgflinewidth=\dimen163
)
(/usr/share/texmf/tex/generic/pgf/basiclayer/pgfcoretransformations.code.tex
File: pgfcoretransformations.code.tex 2009/06/10  (rcs-revision 1.11)
\pgf@pt@x=\dimen164
\pgf@pt@y=\dimen165
\pgf@pt@temp=\dimen166
)
(/usr/share/texmf/tex/generic/pgf/basiclayer/pgfcorequick.code.tex
File: pgfcorequick.code.tex 2008/10/09  (rcs-revision 1.3)
)
(/usr/share/texmf/tex/generic/pgf/basiclayer/pgfcoreobjects.code.tex
File: pgfcoreobjects.code.tex 2006/10/11  (rcs-revision 1.2)
)
(/usr/share/texmf/tex/generic/pgf/basiclayer/pgfcorepathprocessing.code.tex
File: pgfcorepathprocessing.code.tex 2008/10/09  (rcs-revision 1.8)
)
(/usr/share/texmf/tex/generic/pgf/basiclayer/pgfcorearrows.code.tex
File: pgfcorearrows.code.tex 2008/04/23  (rcs-revision 1.11)
)
(/usr/share/texmf/tex/generic/pgf/basiclayer/pgfcoreshade.code.tex
File: pgfcoreshade.code.tex 2008/11/23  (rcs-revision 1.13)
\pgf@max=\dimen167
\pgf@sys@shading@range@num=\count135
)
(/usr/share/texmf/tex/generic/pgf/basiclayer/pgfcoreimage.code.tex
File: pgfcoreimage.code.tex 2010/03/25  (rcs-revision 1.16)

(/usr/share/texmf/tex/generic/pgf/basiclayer/pgfcoreexternal.code.tex
File: pgfcoreexternal.code.tex 2010/09/01  (rcs-revision 1.17)
\pgfexternal@startupbox=\box44
))
(/usr/share/texmf/tex/generic/pgf/basiclayer/pgfcorelayers.code.tex
File: pgfcorelayers.code.tex 2010/08/27  (rcs-revision 1.2)
)
(/usr/share/texmf/tex/generic/pgf/basiclayer/pgfcoretransparency.code.tex
File: pgfcoretransparency.code.tex 2008/01/17  (rcs-revision 1.2)
)
(/usr/share/texmf/tex/generic/pgf/basiclayer/pgfcorepatterns.code.tex
File: pgfcorepatterns.code.tex 2009/07/02  (rcs-revision 1.3)
)))
(/usr/share/texmf/tex/generic/pgf/modules/pgfmoduleshapes.code.tex
File: pgfmoduleshapes.code.tex 2010/09/09  (rcs-revision 1.13)
\pgfnodeparttextbox=\box45
)
(/usr/share/texmf/tex/generic/pgf/modules/pgfmoduleplot.code.tex
File: pgfmoduleplot.code.tex 2010/10/22  (rcs-revision 1.8)
)
(/usr/share/texmf/tex/latex/pgf/compatibility/pgfcomp-version-0-65.sty
Package: pgfcomp-version-0-65 2007/07/03 v2.10 (rcs-revision 1.7)
\pgf@nodesepstart=\dimen168
\pgf@nodesepend=\dimen169
)
(/usr/share/texmf/tex/latex/pgf/compatibility/pgfcomp-version-1-18.sty
Package: pgfcomp-version-1-18 2007/07/23 v2.10 (rcs-revision 1.1)
))
(/usr/share/texmf/tex/latex/pgf/utilities/pgffor.sty
(/usr/share/texmf/tex/latex/pgf/utilities/pgfkeys.sty
(/usr/share/texmf/tex/generic/pgf/utilities/pgfkeys.code.tex))
(/usr/share/texmf/tex/generic/pgf/utilities/pgffor.code.tex
Package: pgffor 2010/03/23 v2.10 (rcs-revision 1.18)
\pgffor@iter=\dimen170
\pgffor@skip=\dimen171
\pgffor@stack=\toks41
\pgffor@toks=\toks42
))
(/usr/share/texmf/tex/generic/pgf/frontendlayer/tikz/tikz.code.tex
Package: tikz 2010/10/13 v2.10 (rcs-revision 1.76)

(/usr/share/texmf/tex/generic/pgf/libraries/pgflibraryplothandlers.code.tex
File: pgflibraryplothandlers.code.tex 2010/05/31 v2.10 (rcs-revision 1.15)
\pgf@plot@mark@count=\count136
\pgfplotmarksize=\dimen172
)
\tikz@lastx=\dimen173
\tikz@lasty=\dimen174
\tikz@lastxsaved=\dimen175
\tikz@lastysaved=\dimen176
\tikzleveldistance=\dimen177
\tikzsiblingdistance=\dimen178
\tikz@figbox=\box46
\tikz@tempbox=\box47
\tikztreelevel=\count137
\tikznumberofchildren=\count138
\tikznumberofcurrentchild=\count139
\tikz@fig@count=\count140

(/usr/share/texmf/tex/generic/pgf/modules/pgfmodulematrix.code.tex
File: pgfmodulematrix.code.tex 2010/08/24  (rcs-revision 1.4)
\pgfmatrixcurrentrow=\count141
\pgfmatrixcurrentcolumn=\count142
\pgf@matrix@numberofcolumns=\count143
)
\tikz@expandcount=\count144

(/usr/share/texmf/tex/generic/pgf/frontendlayer/tikz/libraries/tikzlibrarytopat
hs.code.tex
File: tikzlibrarytopaths.code.tex 2008/06/17 v2.10 (rcs-revision 1.2)
))) (/usr/share/texmf-texlive/tex/latex/pgfplots/pgfplots.sty
Package: pgfplots 2009/02/14 Version 1.2.2

(/usr/share/texmf-texlive/tex/generic/pgfplots/pgfplots.code.tex
(/usr/share/texmf-texlive/tex/generic/pgfplots/pgfplotscore.code.tex
\t@pgfplots@toka=\toks43
\t@pgfplots@tokb=\toks44
\t@pgfplots@tokc=\toks45
\pgfplots@tmpa=\dimen179
)
(/usr/share/texmf-texlive/tex/generic/pgfplots/oldpgfcompatib/pgfplotsoldpgfsup
p_loader.code.tex
Package pgfplots: loading complementary code for your PGF version...

(/usr/share/texmf-texlive/tex/generic/pgfplots/oldpgfcompatib/pgfplotsoldpgfsup
p_misc.code.tex)
(/usr/share/texmf-texlive/tex/generic/pgfplots/oldpgfcompatib/pgfplotsoldpgfsup
p_pgfkeysfiltered.code.tex
\pgfkeys@tmptoks=\toks46
)
(/usr/share/texmf-texlive/tex/generic/pgfplots/oldpgfcompatib/pgfplotsoldpgfsup
p_pgfmathfloat.code.tex
\c@pgfmathroundto@lastzeros=\count145
)
(/usr/share/texmf-texlive/tex/generic/pgfplots/oldpgfcompatib/pgfplotsoldpgfsup
p_pgflibraryplothandlers.code.tex
File: pgfplotsoldpgfsupp_pgflibraryplothandlers.code.tex 2009/02/13 v2.10 (rcs-
revision 1.7)
\pgf@plot@mark@count=\count146
\pgfplotmarksize=\dimen180
)
(/usr/share/texmf/tex/generic/pgf/libraries/pgflibraryfpu.code.tex))
(/usr/share/texmf-texlive/tex/generic/pgfplots/util/pgfplotsutil.code.tex
(/usr/share/texmf-texlive/tex/generic/pgfplots/liststructure/pgfplotsliststruct
ure.code.tex)
(/usr/share/texmf-texlive/tex/generic/pgfplots/liststructure/pgfplotsliststruct
ureext.code.tex)
(/usr/share/texmf-texlive/tex/generic/pgfplots/liststructure/pgfplotsarray.code
.tex
\c@pgfplotsarray@tmp=\count147
)
(/usr/share/texmf-texlive/tex/generic/pgfplots/numtable/pgfplotstable.code.tex
\c@pgfplotstable@counta=\count148
\pgfplotstable@outfile=\write4

(/usr/share/texmf-texlive/tex/generic/pgfplots/numtable/pgfplotstable.coltype.c
ode.tex)))
(/usr/share/texmf-texlive/tex/generic/pgfplots/util/pgfplotscolormap.code.tex)
(/usr/share/texmf-texlive/tex/generic/pgfplots/pgfplots.stackedplots.code.tex)
(/usr/share/texmf-texlive/tex/generic/pgfplots/pgfplotscoordprocessing.code.tex
) (/usr/share/texmf-texlive/tex/generic/pgfplots/pgfplotsticks.code.tex)
(/usr/share/texmf/tex/generic/pgf/frontendlayer/tikz/libraries/tikzlibrarydecor
ations.code.tex
(/usr/share/texmf/tex/generic/pgf/modules/pgfmoduledecorations.code.tex
\pgfdecoratedcompleteddistance=\dimen181
\pgfdecoratedremainingdistance=\dimen182
\pgfdecoratedinputsegmentcompleteddistance=\dimen183
\pgfdecoratedinputsegmentremainingdistance=\dimen184
\pgf@decorate@distancetomove=\dimen185
\pgf@decorate@repeatstate=\count149
\pgfdecorationsegmentamplitude=\dimen186
\pgfdecorationsegmentlength=\dimen187
)
\tikz@lib@dec@box=\box48
)
(/usr/share/texmf/tex/generic/pgf/frontendlayer/tikz/libraries/tikzlibrarydecor
ations.pathmorphing.code.tex
(/usr/share/texmf/tex/generic/pgf/libraries/decorations/pgflibrarydecorations.p
athmorphing.code.tex))
(/usr/share/texmf/tex/generic/pgf/frontendlayer/tikz/libraries/tikzlibrarydecor
ations.pathreplacing.code.tex
(/usr/share/texmf/tex/generic/pgf/libraries/decorations/pgflibrarydecorations.p
athreplacing.code.tex))
\pgfplots@numplots=\count150
\pgfplots@xmin@reg=\dimen188
\pgfplots@xmax@reg=\dimen189
\pgfplots@ymin@reg=\dimen190
\pgfplots@ymax@reg=\dimen191
\pgfplots@zmin@reg=\dimen192
\pgfplots@zmax@reg=\dimen193
)
(/usr/share/texmf/tex/generic/pgf/frontendlayer/tikz/libraries/tikzlibraryplotm
arks.code.tex
File: tikzlibraryplotmarks.code.tex 2008/01/09 v2.10 (rcs-revision 1.1)

(/usr/share/texmf/tex/generic/pgf/libraries/pgflibraryplotmarks.code.tex
File: pgflibraryplotmarks.code.tex 2010/10/15 v2.10 (rcs-revision 1.12)
)))
(/usr/share/texmf-texlive/tex/latex/fancyhdr/fancyhdr.sty
\fancy@headwidth=\skip60
\f@ncyO@elh=\skip61
\f@ncyO@erh=\skip62
\f@ncyO@olh=\skip63
\f@ncyO@orh=\skip64
\f@ncyO@elf=\skip65
\f@ncyO@erf=\skip66
\f@ncyO@olf=\skip67
\f@ncyO@orf=\skip68
)
(/usr/share/texmf-texlive/tex/latex/sectsty/sectsty.sty
Package: sectsty 2002/02/25 v2.0.2 Commands to change all sectional heading sty
les
)
(/usr/share/texmf-texlive/tex/latex/arabtex/arabtex.sty
(/usr/share/texmf-texlive/tex/latex/arabtex/aconfig.sty
LaTeX2e detected 
BABEL detected
\a@moduledate=\count151
\a@maindate=\count152
)
(/usr/share/texmf-texlive/tex/latex/arabtex/arabaux.sty)
(/usr/share/texmf-texlive/tex/latex/arabtex/acmd.sty)
(/usr/share/texmf-texlive/tex/latex/arabtex/afonts.sty
(/usr/share/texmf-texlive/tex/latex/arabtex/afonts2.sty))
(/usr/share/texmf-texlive/tex/latex/arabtex/ascan.sty
(ArabTeX) scanner for code `arabtex' installed.
(ArabTeX) input encoding set to ArabTeX standard conventions.)
(/usr/share/texmf-texlive/tex/latex/arabtex/aparse.sty)
(/usr/share/texmf-texlive/tex/latex/arabtex/awrite.sty
(/usr/share/texmf-texlive/tex/latex/arabtex/xarbsymb.sty)
(/usr/share/texmf-texlive/tex/latex/arabtex/arabskel.sty)
(/usr/share/texmf-texlive/tex/latex/arabtex/xarbskel.sty)
(/usr/share/texmf-texlive/tex/latex/arabtex/aboxes.sty)
(/usr/share/texmf-texlive/tex/latex/arabtex/arabtoks.sty)
(/usr/share/texmf-texlive/tex/latex/arabtex/arabchrs.sty))
(/usr/share/texmf-texlive/tex/latex/arabtex/aligs.sty)
(/usr/share/texmf-texlive/tex/latex/arabtex/aoutput.sty)
(/usr/share/texmf-texlive/tex/latex/arabtex/abidir.sty)
(/usr/share/texmf-texlive/tex/latex/arabtex/atrans.sty
(ArabTeX) ZDMG transliteration.)
(/usr/share/texmf-texlive/tex/latex/arabtex/alatex.sty
(/usr/share/texmf-texlive/tex/latex/arabtex/afoot.sty))
(/usr/share/texmf-texlive/tex/latex/arabtex/abjad.sty)
(/usr/share/texmf-texlive/tex/latex/arabtex/apatch.sty
(/usr/share/texmf-texlive/tex/latex/arabtex/alists.sty)
(/usr/share/texmf-texlive/tex/latex/arabtex/asect.sty)
(/usr/share/texmf-texlive/tex/latex/arabtex/atabg.sty)
(/usr/share/texmf-texlive/tex/latex/arabtex/alocal.sty
(ArabTeX) 3.11 local stub, 26.02.2006))
Arabic processor `ArabTeX' [20060702 patch level 3.11s (02.07.2006)]
(ArabTeX) ... now be patient ... )
(/usr/share/texmf-texlive/tex/latex/arabtex/utf8.sty
(/usr/share/texmf-texlive/tex/latex/arabtex/utfcode.sty
Package: utfcode 2002/03/07  3.10a Arabic+Hebrew segment of UTF-8
\u@lb=\count182
\u@lq=\count183
)
Package: utf8 2000/06/13  3.10 UTF-8 input encoding 

(ArabTeX) scanner for code UTF-8 installed.) (./main.aux

LaTeX Warning: Label `fig:division' multiply defined.


LaTeX Warning: Label `fig:division' multiply defined.


LaTeX Warning: Label `fig:division' multiply defined.


LaTeX Warning: Label `fig:division' multiply defined.


LaTeX Warning: Label `fig:division' multiply defined.


LaTeX Warning: Label `fig:division' multiply defined.


LaTeX Warning: Label `fig:division' multiply defined.


LaTeX Warning: Label `fig:division' multiply defined.


LaTeX Warning: Label `fig:division' multiply defined.


LaTeX Warning: Label `fig:traitementAutofin' multiply defined.


LaTeX Warning: Label `fig:traitementAutofin' multiply defined.

)
\openout1 = `main.aux'.

LaTeX Font Info:    Checking defaults for OML/cmm/m/it on input line 31.
LaTeX Font Info:    ... okay on input line 31.
LaTeX Font Info:    Checking defaults for T1/cmr/m/n on input line 31.
LaTeX Font Info:    ... okay on input line 31.
LaTeX Font Info:    Checking defaults for OT1/cmr/m/n on input line 31.
LaTeX Font Info:    ... okay on input line 31.
LaTeX Font Info:    Checking defaults for OMS/cmsy/m/n on input line 31.
LaTeX Font Info:    ... okay on input line 31.
LaTeX Font Info:    Checking defaults for OMX/cmex/m/n on input line 31.
LaTeX Font Info:    ... okay on input line 31.
LaTeX Font Info:    Checking defaults for U/cmr/m/n on input line 31.
LaTeX Font Info:    ... okay on input line 31.
LaTeX Font Info:    Checking defaults for TS1/cmr/m/n on input line 31.
LaTeX Font Info:    Try loading font information for TS1+cmr on input line 31.
 (/usr/share/texmf-texlive/tex/latex/base/ts1cmr.fd
File: ts1cmr.fd 1999/05/25 v2.5h Standard LaTeX font definitions
)
LaTeX Font Info:    ... okay on input line 31.
LaTeX Info: Redefining \degres on input line 31.
LaTeX Info: Redefining \dots on input line 31.
LaTeX Info: Redefining \up on input line 31.

*geometry auto-detecting driver*
*geometry detected driver: pdftex*
-------------------- Geometry parameters
paper: a4paper
landscape: --
twocolumn: --
twoside: true
asymmetric: --
h-parts: 56.9055pt, 483.69687pt, 56.9055pt
v-parts: 56.9055pt, 731.23584pt, 56.9055pt
hmarginratio: --
vmarginratio: --
lines: --
heightrounded: --
bindingoffset: 0.0pt
truedimen: --
includehead: --
includefoot: --
includemp: --
driver: pdftex
-------------------- Page layout dimensions and switches
\paperwidth  597.50787pt
\paperheight 845.04684pt
\textwidth  483.69687pt
\textheight 731.23584pt
\oddsidemargin  -15.36449pt
\evensidemargin -15.36449pt
\topmargin  -47.23828pt
\headheight 12.0pt
\headsep    19.8738pt
\footskip   30.0pt
\marginparwidth 88.0pt
\marginparsep   7.0pt
\columnsep  10.0pt
\skip\footins  10.8pt plus 4.0pt minus 2.0pt
\hoffset 0.0pt
\voffset 0.0pt
\mag 1000
\@twosidetrue \@mparswitchtrue 
(1in=72.27pt, 1cm=28.45pt)
-----------------------
Package siunitx Info: xfrac package unavailable
(siunitx)             using `fraction=sfrac' will fall back on
(siunitx)             nicefrac-like method on input line 31.
ABD: EveryShipout initializing macros
(/usr/share/texmf-texlive/tex/context/base/supp-pdf.mkii
[Loading MPS to PDF converter (version 2006.09.02).]
\scratchcounter=\count184
\scratchdimen=\dimen216
\scratchbox=\box64
\nofMPsegments=\count185
\nofMParguments=\count186
\everyMPshowfont=\toks67
\MPscratchCnt=\count187
\MPscratchDim=\dimen217
\MPnumerator=\count188
\everyMPtoPDFconversion=\toks68
)
LaTeX Font Info:    Try loading font information for U+msa on input line 31.
 (/usr/share/texmf-texlive/tex/latex/amsfonts/umsa.fd
File: umsa.fd 2009/06/22 v3.00 AMS symbols A
)
LaTeX Font Info:    Try loading font information for U+msb on input line 31.

(/usr/share/texmf-texlive/tex/latex/amsfonts/umsb.fd
File: umsb.fd 2009/06/22 v3.00 AMS symbols B
)
(/usr/share/texmf-texlive/tex/latex/arabtex/apatch.sty
\a@lines=\count189
\a@Lwidth=\dimen218
\a@displaywidth=\dimen219

(/usr/share/texmf-texlive/tex/latex/arabtex/alocal.sty
(ArabTeX) 3.11 local stub, 26.02.2006)
(ArabTeX) version 3.11s (02.07.2006): second phase of patching) (./main.toc)
\tf@toc=\write7
\openout7 = `main.toc'.


[1



{/var/lib/texmf/fonts/map/pdftex/updmap/pdftex.map}] (./Chapters/Chapter0.tex
Underfull \hbox (badness 10000) in paragraph at lines 32--33

 []

) (./Chapters/Chapter1.tex [1



]
Chapitre 1.

Underfull \hbox (badness 10000) in paragraph at lines 15--16

 []


Underfull \hbox (badness 10000) in paragraph at lines 19--20

 []


Underfull \hbox (badness 10000) in paragraph at lines 21--22

 []


Underfull \hbox (badness 10000) in paragraph at lines 23--26

 []


Underfull \hbox (badness 10000) in paragraph at lines 27--28

 []


Underfull \hbox (badness 10000) in paragraph at lines 27--28

 []

[2

] <Figures/chap1/tigre.jpg, id=19, 622.325pt x 388.45125pt>
File: Figures/chap1/tigre.jpg Graphic file (type jpg)

<use Figures/chap1/tigre.jpg>
<Figures/chap1/beton.jpg, id=20, 219.1095pt x 142.2405pt>
File: Figures/chap1/beton.jpg Graphic file (type jpg)

<use Figures/chap1/beton.jpg>
Underfull \hbox (badness 10000) in paragraph at lines 47--48

 []


Underfull \hbox (badness 10000) in paragraph at lines 49--51

 []


Underfull \hbox (badness 10000) in paragraph at lines 52--53

 []


Underfull \hbox (badness 10000) in paragraph at lines 61--62

 []


Underfull \hbox (badness 10000) in paragraph at lines 63--64

 []


Underfull \hbox (badness 10000) in paragraph at lines 66--67

 []


Underfull \hbox (badness 10000) in paragraph at lines 67--68

 []


Underfull \hbox (badness 10000) in paragraph at lines 68--69

 []


Underfull \hbox (badness 10000) in paragraph at lines 69--70

 []


Underfull \hbox (badness 10000) in paragraph at lines 70--71

 []


Underfull \hbox (badness 10000) in paragraph at lines 71--72

 []


Package Fancyhdr Warning: \headheight is too small (12.0pt): 
 Make it at least 14.49998pt.
 We now make it that large for the rest of the document.
 This may cause the page layout to be inconsistent, however.

[3 <./Figures/chap1/tigre.jpg> <./Figures/chap1/beton.jpg>]
Underfull \hbox (badness 10000) in paragraph at lines 72--73

 []

<Figures/chap1/VisionArtificielle1.jpg, id=25, 602.85225pt x 496.85625pt>
File: Figures/chap1/VisionArtificielle1.jpg Graphic file (type jpg)

<use Figures/chap1/VisionArtificielle1.jpg>
<Figures/chap1/ImagerieMedical.jpeg, id=26, 1027.84pt x 679.53876pt>
File: Figures/chap1/ImagerieMedical.jpeg Graphic file (type jpg)

<use Figures/chap1/ImagerieMedical.jpeg>
<Figures/chap1/reconaissanceFacial.jpg, id=27, 630.355pt x 420.57124pt>
File: Figures/chap1/reconaissanceFacial.jpg Graphic file (type jpg)

<use Figures/chap1/reconaissanceFacial.jpg>
<Figures/chap1/empreinteDigitale.jpeg, id=28, 702.625pt x 526.96875pt>
File: Figures/chap1/empreinteDigitale.jpeg Graphic file (type jpg)

<use Figures/chap1/empreinteDigitale.jpeg>
<Figures/chap1/DetectionPieton.png, id=29, 406.51875pt x 259.97125pt>
File: Figures/chap1/DetectionPieton.png Graphic file (type png)

<use Figures/chap1/DetectionPieton.png>
<Figures/chap1/videoSurveil.jpeg, id=30, 702.625pt x 452.69125pt>
File: Figures/chap1/videoSurveil.jpeg Graphic file (type jpg)

<use Figures/chap1/videoSurveil.jpeg>
<Figures/chap1/Satellite.png, id=31, 491.8375pt x 338.26375pt>
File: Figures/chap1/Satellite.png Graphic file (type png)

<use Figures/chap1/Satellite.png>
Underfull \hbox (badness 10000) in paragraph at lines 110--111

 []


Overfull \hbox (4.35475pt too wide) in paragraph at lines 112--113
\T1/cmr/m/n/12 for-mées d'élé-ments struc-turants de base. L'idée générale de c
es méth-odes est une recherche
 []


Underfull \hbox (badness 10000) in paragraph at lines 112--113

 []


Package Fancyhdr Warning: \headheight is too small (12.0pt): 
 Make it at least 14.49998pt.
 We now make it that large for the rest of the document.
 This may cause the page layout to be inconsistent, however.

[4 <./Figures/chap1/VisionArtificielle1.jpg> <./Figures/chap1/ImagerieMedical.j
peg> <./Figures/chap1/reconaissanceFacial.jpg> <./Figures/chap1/empreinteDigita
le.jpeg> <./Figures/chap1/DetectionPieton.png (PNG copy)> <./Figures/chap1/vide
oSurveil.jpeg> <./Figures/chap1/Satellite.png>]
Underfull \hbox (badness 10000) in paragraph at lines 114--115

 []


Underfull \hbox (badness 10000) in paragraph at lines 116--117

 []


Underfull \hbox (badness 10000) in paragraph at lines 118--119

 []

<Figures/chap1/mur.jpg, id=37, 1606.0pt x 1204.5pt>
File: Figures/chap1/mur.jpg Graphic file (type jpg)

<use Figures/chap1/mur.jpg>
<Figures/chap1/beehive.png, id=38, 452.69125pt x 367.3725pt>
File: Figures/chap1/beehive.png Graphic file (type png)

<use Figures/chap1/beehive.png>
<Figures/chap1/aleatoire1.png, id=39, 648.4225pt x 433.62pt>
File: Figures/chap1/aleatoire1.png Graphic file (type png)

<use Figures/chap1/aleatoire1.png>
<Figures/chap1/aleatoire2.png, id=40, 451.6875pt x 299.1175pt>
File: Figures/chap1/aleatoire2.png Graphic file (type png)

<use Figures/chap1/aleatoire2.png>

Package Fancyhdr Warning: \headheight is too small (12.0pt): 
 Make it at least 14.49998pt.
 We now make it that large for the rest of the document.
 This may cause the page layout to be inconsistent, however.

[5 <./Figures/chap1/mur.jpg> <./Figures/chap1/beehive.png (PNG copy)> <./Figure
s/chap1/aleatoire1.png (PNG copy)> <./Figures/chap1/aleatoire2.png (PNG copy)>]
<Figures/chap1/direction.png, id=45, 307.1475pt x 280.04625pt>
File: Figures/chap1/direction.png Graphic file (type png)

<use Figures/chap1/direction.png>
<Figures/chap1/directionel1.png, id=46, 301.125pt x 271.0125pt>
File: Figures/chap1/directionel1.png Graphic file (type png)

<use Figures/chap1/directionel1.png>
<Figures/chap1/directionel2.png, id=47, 359.3425pt x 506.89375pt>
File: Figures/chap1/directionel2.png Graphic file (type png)

<use Figures/chap1/directionel2.png>
Underfull \hbox (badness 10000) in paragraph at lines 187--188

 []

<Figures/chap1/matrice1.png, id=48, 248.93pt x 171.64125pt>
File: Figures/chap1/matrice1.png Graphic file (type png)

<use Figures/chap1/matrice1.png>
<Figures/chap1/matrice2.png, id=49, 280.04625pt x 196.735pt>
File: Figures/chap1/matrice2.png Graphic file (type png)

<use Figures/chap1/matrice2.png>
<Figures/chap1/matrice3.png, id=50, 251.94125pt x 195.73125pt>
File: Figures/chap1/matrice3.png Graphic file (type png)

<use Figures/chap1/matrice3.png>

Package Fancyhdr Warning: \headheight is too small (12.0pt): 
 Make it at least 14.49998pt.
 We now make it that large for the rest of the document.
 This may cause the page layout to be inconsistent, however.

[6 <./Figures/chap1/direction.png (PNG copy)> <./Figures/chap1/directionel1.png
 (PNG copy)> <./Figures/chap1/directionel2.png (PNG copy)>]
<Figures/chap1/transLBP.png, id=55, 594.22pt x 332.24126pt>
File: Figures/chap1/transLBP.png Graphic file (type png)

<use Figures/chap1/transLBP.png>
Underfull \hbox (badness 10000) in paragraph at lines 243--244

 []

<Figures/chap1/extractU.png, id=56, 377.41pt x 198.7425pt>
File: Figures/chap1/extractU.png Graphic file (type png)

<use Figures/chap1/extractU.png>

Package Fancyhdr Warning: \headheight is too small (12.0pt): 
 Make it at least 14.49998pt.
 We now make it that large for the rest of the document.
 This may cause the page layout to be inconsistent, however.

[7 <./Figures/chap1/matrice1.png (PNG copy)> <./Figures/chap1/matrice2.png (PNG
 copy)> <./Figures/chap1/matrice3.png> <./Figures/chap1/transLBP.png (PNG copy)
>] <Figures/chap1/uniforme.png, id=66, 537.00626pt x 584.1825pt>
File: Figures/chap1/uniforme.png Graphic file (type png)

<use Figures/chap1/uniforme.png>
Underfull \hbox (badness 10000) in paragraph at lines 262--263

 []

<Figures/chap1/in1.png, id=67, 150.5625pt x 150.5625pt>
File: Figures/chap1/in1.png Graphic file (type png)

<use Figures/chap1/in1.png>
<Figures/chap1/histo1.png, id=68, 411.136pt x 308.352pt>
File: Figures/chap1/histo1.png Graphic file (type png)

<use Figures/chap1/histo1.png>

Package Fancyhdr Warning: \headheight is too small (12.0pt): 
 Make it at least 14.49998pt.
 We now make it that large for the rest of the document.
 This may cause the page layout to be inconsistent, however.

[8 <./Figures/chap1/extractU.png> <./Figures/chap1/uniforme.png (PNG copy)>]
<Figures/chap1/p1.png, id=73, 150.5625pt x 150.5625pt>
File: Figures/chap1/p1.png Graphic file (type png)

<use Figures/chap1/p1.png>
<Figures/chap1/histcomp1.png, id=74, 411.136pt x 308.352pt>
File: Figures/chap1/histcomp1.png Graphic file (type png)

<use Figures/chap1/histcomp1.png>
<Figures/chap1/p2.png, id=75, 150.5625pt x 150.5625pt>
File: Figures/chap1/p2.png Graphic file (type png)

<use Figures/chap1/p2.png>
<Figures/chap1/histcomp2.png, id=76, 411.136pt x 308.352pt>
File: Figures/chap1/histcomp2.png Graphic file (type png)

<use Figures/chap1/histcomp2.png>
Underfull \vbox (badness 10000) has occurred while \output is active []



Package Fancyhdr Warning: \headheight is too small (12.0pt): 
 Make it at least 14.49998pt.
 We now make it that large for the rest of the document.
 This may cause the page layout to be inconsistent, however.

[9 <./Figures/chap1/in1.png (PNG copy)> <./Figures/chap1/histo1.png (PNG copy)>
]
Underfull \hbox (badness 10000) in paragraph at lines 308--309

 []

<Figures/chap1/lbpvariantes.png, id=82, 885.3075pt x 216.81pt>
File: Figures/chap1/lbpvariantes.png Graphic file (type png)

<use Figures/chap1/lbpvariantes.png>) (./Chapters/Chapter2.tex

Package Fancyhdr Warning: \headheight is too small (12.0pt): 
 Make it at least 14.49998pt.
 We now make it that large for the rest of the document.
 This may cause the page layout to be inconsistent, however.

[10 <./Figures/chap1/p1.png (PNG copy)> <./Figures/chap1/histcomp1.png (PNG cop
y)> <./Figures/chap1/p2.png (PNG copy)> <./Figures/chap1/histcomp2.png (PNG cop
y)> <./Figures/chap1/lbpvariantes.png (PNG copy)>]

Package Fancyhdr Warning: \headheight is too small (12.0pt): 
 Make it at least 14.49998pt.
 We now make it that large for the rest of the document.
 This may cause the page layout to be inconsistent, however.

[11]
Chapitre 2.

Underfull \hbox (badness 10000) in paragraph at lines 20--21

 []


Underfull \hbox (badness 10000) in paragraph at lines 22--23

 []


Underfull \hbox (badness 10000) in paragraph at lines 24--25

 []


Underfull \hbox (badness 10000) in paragraph at lines 26--27

 []


Underfull \hbox (badness 10000) in paragraph at lines 37--38

 []

[12

]
Overfull \hbox (2.04712pt too wide) in paragraph at lines 46--47
\T1/cmr/m/n/12 général-i-sa-tion pour la recherche et la dé-tec-tion de plusieu
rs tex-tures dif-férentes qui sont présentes
 []


Underfull \hbox (badness 10000) in paragraph at lines 46--47

 []


Underfull \hbox (badness 10000) in paragraph at lines 49--50

 []


Underfull \hbox (badness 10000) in paragraph at lines 51--52

 []


Underfull \hbox (badness 10000) in paragraph at lines 53--54

 []


Overfull \hbox (11.74716pt too wide) in paragraph at lines 91--91
[]|\T1/cmr/m/n/12 d  []| 
 []


Overfull \hbox (11.09454pt too wide) in paragraph at lines 91--91
[]|\T1/cmr/m/n/12 4  []
 []


Underfull \hbox (badness 10000) in paragraph at lines 91--91

 []


Overfull \hbox (11.09454pt too wide) in paragraph at lines 91--91
[]|\T1/cmr/m/n/12 6  []| 
 []


Underfull \hbox (badness 10000) in paragraph at lines 91--92

 []


Overfull \hbox (28.46283pt too wide) in paragraph at lines 59--92
 [] 
 []

<Figures/chap2/1.png, id=93, 924.45375pt x 413.545pt>
File: Figures/chap2/1.png Graphic file (type png)

<use Figures/chap2/1.png>
Underfull \vbox (badness 1377) has occurred while \output is active []



Package Fancyhdr Warning: \headheight is too small (12.0pt): 
 Make it at least 14.49998pt.
 We now make it that large for the rest of the document.
 This may cause the page layout to be inconsistent, however.

[13]
Underfull \hbox (badness 10000) in paragraph at lines 111--112

 []


Overfull \hbox (10.44191pt too wide) in paragraph at lines 145--145
[]|\T1/cmr/m/n/12 c  []
 []


Underfull \hbox (badness 10000) in paragraph at lines 145--145

 []


Overfull \hbox (11.09454pt too wide) in paragraph at lines 145--145
[]|\T1/cmr/m/n/12 5  []| 
 []


Underfull \hbox (badness 10000) in paragraph at lines 145--146

 []


Overfull \hbox (28.46283pt too wide) in paragraph at lines 120--146
 [] 
 []


Package Fancyhdr Warning: \headheight is too small (12.0pt): 
 Make it at least 14.49998pt.
 We now make it that large for the rest of the document.
 This may cause the page layout to be inconsistent, however.

[14 <./Figures/chap2/1.png>]
<Figures/chap2/2.png, id=101, 545.03625pt x 251.94125pt>
File: Figures/chap2/2.png Graphic file (type png)

<use Figures/chap2/2.png>
Underfull \hbox (badness 10000) in paragraph at lines 163--164

 []

<Figures/chap2/3.png, id=102, 545.03625pt x 251.94125pt>
File: Figures/chap2/3.png Graphic file (type png)

<use Figures/chap2/3.png>
Underfull \vbox (badness 10000) has occurred while \output is active []



Package Fancyhdr Warning: \headheight is too small (12.0pt): 
 Make it at least 14.49998pt.
 We now make it that large for the rest of the document.
 This may cause the page layout to be inconsistent, however.

[15 <./Figures/chap2/2.png (PNG copy)>]
Underfull \hbox (badness 10000) in paragraph at lines 178--179

 []


Underfull \hbox (badness 10000) in paragraph at lines 180--181

 []


Underfull \hbox (badness 10000) in paragraph at lines 183--186

 []

<Figures/chap2/4.png, id=106, 545.03625pt x 251.94125pt>
File: Figures/chap2/4.png Graphic file (type png)

<use Figures/chap2/4.png>
<Figures/chap2/5.png, id=107, 545.03625pt x 251.94125pt>
File: Figures/chap2/5.png Graphic file (type png)

<use Figures/chap2/5.png>

Package Fancyhdr Warning: \headheight is too small (12.0pt): 
 Make it at least 14.49998pt.
 We now make it that large for the rest of the document.
 This may cause the page layout to be inconsistent, however.

[16 <./Figures/chap2/3.png> <./Figures/chap2/4.png>]
<Figures/chap2/6.png, id=113, 545.03625pt x 251.94125pt>
File: Figures/chap2/6.png Graphic file (type png)

<use Figures/chap2/6.png>
<Figures/chap2/7.png, id=114, 545.03625pt x 251.94125pt>
File: Figures/chap2/7.png Graphic file (type png)

<use Figures/chap2/7.png>

Package Fancyhdr Warning: \headheight is too small (12.0pt): 
 Make it at least 14.49998pt.
 We now make it that large for the rest of the document.
 This may cause the page layout to be inconsistent, however.

[17 <./Figures/chap2/5.png (PNG copy)> <./Figures/chap2/6.png> <./Figures/chap2
/7.png>]
Underfull \hbox (badness 10000) in paragraph at lines 231--232

 []

<Figures/chap2/rotation45.png, id=120, 724.7075pt x 420.57124pt>
File: Figures/chap2/rotation45.png Graphic file (type png)

<use Figures/chap2/rotation45.png>
<Figures/chap2/p4.png, id=121, 150.5625pt x 150.5625pt>
File: Figures/chap2/p4.png Graphic file (type png)

<use Figures/chap2/p4.png>
<Figures/chap2/riu2a.png, id=122, 411.136pt x 308.352pt>
File: Figures/chap2/riu2a.png Graphic file (type png)

<use Figures/chap2/riu2a.png>
<Figures/chap2/p5.png, id=123, 150.5625pt x 150.5625pt>
File: Figures/chap2/p5.png Graphic file (type png)

<use Figures/chap2/p5.png>
<Figures/chap2/riu2b.png, id=124, 411.136pt x 308.352pt>
File: Figures/chap2/riu2b.png Graphic file (type png)

<use Figures/chap2/riu2b.png>

Package Fancyhdr Warning: \headheight is too small (12.0pt): 
 Make it at least 14.49998pt.
 We now make it that large for the rest of the document.
 This may cause the page layout to be inconsistent, however.

[18 <./Figures/chap2/rotation45.png>]
Underfull \hbox (badness 10000) in paragraph at lines 271--272

 []

<Figures/chap2/t1.png, id=131, 602.25pt x 752.8125pt>
File: Figures/chap2/t1.png Graphic file (type png)

<use Figures/chap2/t1.png>
<Figures/chap2/w1.png, id=132, 602.25pt x 752.8125pt>
File: Figures/chap2/w1.png Graphic file (type png)

<use Figures/chap2/w1.png> <Figures/chap2/t2.png, id=133, 602.25pt x 602.25pt>
File: Figures/chap2/t2.png Graphic file (type png)

<use Figures/chap2/t2.png> <Figures/chap2/w2.png, id=134, 602.25pt x 602.25pt>
File: Figures/chap2/w2.png Graphic file (type png)

<use Figures/chap2/w2.png>
Overfull \hbox (19.51828pt too wide) in paragraph at lines 278--289
 [][] 
 []


Underfull \hbox (badness 10000) in paragraph at lines 292--293

 []

<Figures/chap2/8.png, id=135, 226.8475pt x 234.8775pt>
File: Figures/chap2/8.png Graphic file (type png)

<use Figures/chap2/8.png>

Package Fancyhdr Warning: \headheight is too small (12.0pt): 
 Make it at least 14.49998pt.
 We now make it that large for the rest of the document.
 This may cause the page layout to be inconsistent, however.

[19 <./Figures/chap2/p4.png (PNG copy)> <./Figures/chap2/riu2a.png (PNG copy)> 
<./Figures/chap2/p5.png (PNG copy)> <./Figures/chap2/riu2b.png (PNG copy)> <./F
igures/chap2/t1.png (PNG copy)> <./Figures/chap2/w1.png (PNG copy)> <./Figures/
chap2/t2.png (PNG copy)> <./Figures/chap2/w2.png (PNG copy)>]
<Figures/chap2/9.png, id=139, 234.8775pt x 247.92625pt>
File: Figures/chap2/9.png Graphic file (type png)

<use Figures/chap2/9.png>
<Figures/chap2/10.png, id=140, 234.8775pt x 247.92625pt>
File: Figures/chap2/10.png Graphic file (type png)

<use Figures/chap2/10.png>
Underfull \vbox (badness 5431) has occurred while \output is active []



Package Fancyhdr Warning: \headheight is too small (12.0pt): 
 Make it at least 14.49998pt.
 We now make it that large for the rest of the document.
 This may cause the page layout to be inconsistent, however.

[20 <./Figures/chap2/8.png (PNG copy)> <./Figures/chap2/9.png (PNG copy)>]
Underfull \hbox (badness 10000) in paragraph at lines 357--358

 []


Overfull \hbox (28.46283pt too wide) in paragraph at lines 343--358
 [] 
 []


Overfull \hbox (212.23859pt too wide) in paragraph at lines 377--377
[]|\T1/cmr/m/n/12 Create a ma-trix \T1/cmr/m/it/12 M \T1/cmr/m/n/12 of ran-dom 
di-men-sions  []| 
 []


Underfull \hbox (badness 10000) in paragraph at lines 377--378

 []


Overfull \hbox (28.46283pt too wide) in paragraph at lines 363--378
 [] 
 []


Underfull \vbox (badness 10000) has occurred while \output is active []



Package Fancyhdr Warning: \headheight is too small (12.0pt): 
 Make it at least 14.49998pt.
 We now make it that large for the rest of the document.
 This may cause the page layout to be inconsistent, however.

[21 <./Figures/chap2/10.png (PNG copy)>]) (./Chapters/Chapter3.tex

Package Fancyhdr Warning: \headheight is too small (12.0pt): 
 Make it at least 14.49998pt.
 We now make it that large for the rest of the document.
 This may cause the page layout to be inconsistent, however.

[22]
Chapitre 3.

Underfull \hbox (badness 10000) in paragraph at lines 24--25

 []


Underfull \hbox (badness 10000) in paragraph at lines 31--32

 []


Underfull \hbox (badness 10000) in paragraph at lines 34--35

 []


Underfull \hbox (badness 10000) in paragraph at lines 36--37

 []


Underfull \hbox (badness 10000) in paragraph at lines 38--39

 []

<Figures/chap3/3.png, id=150, 308.15125pt x 369.38pt>
File: Figures/chap3/3.png Graphic file (type png)

<use Figures/chap3/3.png>
Underfull \vbox (badness 2564) has occurred while \output is active []

 [23

]
Underfull \hbox (badness 10000) in paragraph at lines 63--64

 []


Underfull \hbox (badness 10000) in paragraph at lines 64--65

 []

<Figures/chap3/4.png, id=154, 755.82375pt x 556.0775pt>
File: Figures/chap3/4.png Graphic file (type png)

<use Figures/chap3/4.png>
<Figures/chap3/5.jpg, id=155, 753.81625pt x 555.07375pt>
File: Figures/chap3/5.jpg Graphic file (type jpg)

<use Figures/chap3/5.jpg>

Package Fancyhdr Warning: \headheight is too small (12.0pt): 
 Make it at least 14.49998pt.
 We now make it that large for the rest of the document.
 This may cause the page layout to be inconsistent, however.

[24 <./Figures/chap3/3.png (PNG copy)> <./Figures/chap3/4.png (PNG copy)>]
<Figures/chap3/Capture4343.png, id=160, 1009.7725pt x 539.01375pt>
File: Figures/chap3/Capture4343.png Graphic file (type png)

<use Figures/chap3/Capture4343.png>
Underfull \vbox (badness 10000) has occurred while \output is active []



Package Fancyhdr Warning: \headheight is too small (12.0pt): 
 Make it at least 14.49998pt.
 We now make it that large for the rest of the document.
 This may cause the page layout to be inconsistent, however.

[25 <./Figures/chap3/5.jpg>]
<Figures/chap3/Capture4826.png, id=164, 1009.7725pt x 539.01375pt>
File: Figures/chap3/Capture4826.png Graphic file (type png)

<use Figures/chap3/Capture4826.png>
<Figures/chap3/Capture5010.png, id=165, 1009.7725pt x 539.01375pt>
File: Figures/chap3/Capture5010.png Graphic file (type png)

<use Figures/chap3/Capture5010.png>

Package Fancyhdr Warning: \headheight is too small (12.0pt): 
 Make it at least 14.49998pt.
 We now make it that large for the rest of the document.
 This may cause the page layout to be inconsistent, however.

[26 <./Figures/chap3/Capture4343.png> <./Figures/chap3/Capture4826.png>]
<Figures/chap3/Capture5253.png, id=171, 1009.7725pt x 539.01375pt>
File: Figures/chap3/Capture5253.png Graphic file (type png)

<use Figures/chap3/Capture5253.png>
Underfull \hbox (badness 10000) in paragraph at lines 135--136

 []


Underfull \hbox (badness 10000) in paragraph at lines 137--138

 []

<Figures/chap3/texture1.png, id=172, 752.8125pt x 602.25pt>
File: Figures/chap3/texture1.png Graphic file (type png)

<use Figures/chap3/texture1.png>
<Figures/chap3/texture1c.png, id=173, 752.8125pt x 602.25pt>
File: Figures/chap3/texture1c.png Graphic file (type png)

<use Figures/chap3/texture1c.png>

Package Fancyhdr Warning: \headheight is too small (12.0pt): 
 Make it at least 14.49998pt.
 We now make it that large for the rest of the document.
 This may cause the page layout to be inconsistent, however.

[27 <./Figures/chap3/Capture5010.png> <./Figures/chap3/Capture5253.png>]
<Figures/chap3/texture2.png, id=179, 451.6875pt x 752.8125pt>
File: Figures/chap3/texture2.png Graphic file (type png)

<use Figures/chap3/texture2.png>
<Figures/chap3/texture2c.png, id=180, 451.6875pt x 752.8125pt>
File: Figures/chap3/texture2c.png Graphic file (type png)

<use Figures/chap3/texture2c.png>
Underfull \vbox (badness 10000) has occurred while \output is active []



Package Fancyhdr Warning: \headheight is too small (12.0pt): 
 Make it at least 14.49998pt.
 We now make it that large for the rest of the document.
 This may cause the page layout to be inconsistent, however.

[28 <./Figures/chap3/texture1.png (PNG copy)> <./Figures/chap3/texture1c.png (P
NG copy)> <./Figures/chap3/texture2.png (PNG copy)> <./Figures/chap3/texture2c.
png (PNG copy)>] <Figures/chap3/texture3.png, id=184, 602.25pt x 752.8125pt>
File: Figures/chap3/texture3.png Graphic file (type png)

<use Figures/chap3/texture3.png>
<Figures/chap3/texture3c.png, id=185, 602.25pt x 752.8125pt>
File: Figures/chap3/texture3c.png Graphic file (type png)

<use Figures/chap3/texture3c.png>
Underfull \hbox (badness 10000) in paragraph at lines 231--232

 []

<Figures/chap3/cercle1.png, id=186, 602.25pt x 301.125pt>
File: Figures/chap3/cercle1.png Graphic file (type png)

<use Figures/chap3/cercle1.png>
<Figures/chap3/cercle1cc.png, id=187, 602.25pt x 301.125pt>
File: Figures/chap3/cercle1cc.png Graphic file (type png)

<use Figures/chap3/cercle1cc.png>
<Figures/chap3/randome1.png, id=188, 602.25pt x 301.125pt>
File: Figures/chap3/randome1.png Graphic file (type png)

<use Figures/chap3/randome1.png>
<Figures/chap3/randome1cc.png, id=189, 602.25pt x 301.125pt>
File: Figures/chap3/randome1cc.png Graphic file (type png)

<use Figures/chap3/randome1cc.png>
<Figures/chap3/first.png, id=190, 513.92pt x 471.7625pt>
File: Figures/chap3/first.png Graphic file (type png)

<use Figures/chap3/first.png>
<Figures/chap3/first2.png, id=191, 513.92pt x 471.7625pt>
File: Figures/chap3/first2.png Graphic file (type png)

<use Figures/chap3/first2.png>
<Figures/chap3/second.png, id=192, 513.92pt x 513.92pt>
File: Figures/chap3/second.png Graphic file (type png)

<use Figures/chap3/second.png>
<Figures/chap3/second2.png, id=193, 513.92pt x 513.92pt>
File: Figures/chap3/second2.png Graphic file (type png)

<use Figures/chap3/second2.png>
<Figures/chap3/port1.jpg, id=194, 1027.84pt x 1027.84pt>
File: Figures/chap3/port1.jpg Graphic file (type jpg)

<use Figures/chap3/port1.jpg>
<Figures/chap3/san_fransisco2.png, id=195, 1027.84pt x 1027.84pt>
File: Figures/chap3/san_fransisco2.png Graphic file (type png)

<use Figures/chap3/san_fransisco2.png>
File: Figures/chap3/port1.jpg Graphic file (type jpg)
 <use Figures/chap3/port1.jpg>
File: Figures/chap3/san_fransisco2.png Graphic file (type png)

<use Figures/chap3/san_fransisco2.png>
Overfull \hbox (19.53397pt too wide) in paragraph at lines 247--290
[][] 
 []

) (./Chapters/Chapter4.tex

Package Fancyhdr Warning: \headheight is too small (12.0pt): 
 Make it at least 14.49998pt.
 We now make it that large for the rest of the document.
 This may cause the page layout to be inconsistent, however.

[29 <./Figures/chap3/texture3.png (PNG copy)> <./Figures/chap3/texture3c.png (P
NG copy)>]

Package Fancyhdr Warning: \headheight is too small (12.0pt): 
 Make it at least 14.49998pt.
 We now make it that large for the rest of the document.
 This may cause the page layout to be inconsistent, however.

[30 <./Figures/chap3/cercle1.png> <./Figures/chap3/cercle1cc.png (PNG copy)> <.
/Figures/chap3/randome1.png> <./Figures/chap3/randome1cc.png (PNG copy)> <./Fig
ures/chap3/first.png> <./Figures/chap3/first2.png (PNG copy)> <./Figures/chap3/
second.png> <./Figures/chap3/second2.png (PNG copy)> <./Figures/chap3/port1.jpg
> <./Figures/chap3/san_fransisco2.png (PNG copy)>]

Package Fancyhdr Warning: \headheight is too small (12.0pt): 
 Make it at least 14.49998pt.
 We now make it that large for the rest of the document.
 This may cause the page layout to be inconsistent, however.

[31]) [32

] (./main.aux)

 *File List*
    book.cls    2007/10/19 v1.4h Standard LaTeX document class
    bk12.clo    2007/10/19 v1.4h Standard LaTeX file (size option)
inputenc.sty    2008/03/30 v1.1d Input encoding file
    utf8.def    2008/04/05 v1.1m UTF-8 support for inputenc
   t1enc.dfu    2008/04/05 v1.1m UTF-8 support for inputenc
  ot1enc.dfu    2008/04/05 v1.1m UTF-8 support for inputenc
  omsenc.dfu    2008/04/05 v1.1m UTF-8 support for inputenc
   babel.sty    2008/07/06 v3.8l The Babel package
 frenchb.ldf    2009/03/16 v2.3d French support from the babel system
 frenchb.cfg
scalefnt.sty    
  keyval.sty    1999/03/16 v1.13 key=value parser (DPC)
 fontenc.sty
   t1enc.def    2005/09/27 v1.99g Standard LaTeX file
 amsmath.sty    2000/07/18 v2.13 AMS math features
 amstext.sty    2000/06/29 v2.01
  amsgen.sty    1999/11/30 v2.0
  amsbsy.sty    1999/11/29 v1.2d
  amsopn.sty    1999/12/14 v2.01 operator names
amsfonts.sty    2009/06/22 v3.00 Basic AMSFonts support
 amssymb.sty    2009/06/22 v3.00
geometry.sty    2008/12/21 v4.2 Page Geometry
   ifpdf.sty    2009/04/10 v2.0 Provides the ifpdf switch (HO)
  ifvtex.sty    2008/11/04 v1.4 Switches for detecting VTeX and its modes (HO)
geometry.cfg
algorithme.sty    
   float.sty    2001/11/08 v1.3d Float enhancements (AL)
  ifthen.sty    2001/05/26 v1.1c Standard LaTeX ifthen package (DPC)
    calc.sty    2007/08/22 v4.3 Infix arithmetic (KKT,FJ)
 siunitx.sty    2009/09/21 v1.3a A comprehensive (SI) units package
 xkeyval.sty    2008/08/13 v2.6a package option processing (HA)
 xkeyval.tex    2008/08/13 v2.6a key=value parser (HA)
   array.sty    2008/09/09 v2.4c Tabular extension package (FMi)
  xspace.sty    2006/05/08 v1.12 Space after command names (DPC,MH)
  ts1enc.dfu    2008/04/05 v1.1m UTF-8 support for inputenc
si-prefix.cfg    2009/09/21 v1.3a siunitx: SI Multiple prefixes
si-named.cfg    2009/09/21 v1.3a siunitx: SI Named units
 si-addn.cfg    2009/09/21 v1.3a siunitx: SI Additional units
si-prefixed.cfg    2009/09/21 v1.3a siunitx: SI Prefixed units
si-accepted.cfg    2009/09/21 v1.3a siunitx: SI Accepted units
si-physical.cfg    2009/09/21 v1.3a siunitx: SI Physically-measured units
 si-abbr.cfg    2009/09/21 v1.3a siunitx: Abbreviated units
titlesec.sty    2007/08/12 v2.8 Sectioning titles
    tikz.sty    2010/10/13 v2.10 (rcs-revision 1.76)
     pgf.sty    2008/01/15 v2.10 (rcs-revision 1.12)
  pgfrcs.sty    2010/10/25 v2.10 (rcs-revision 1.24)
everyshi.sty    2001/05/15 v3.00 EveryShipout Package (MS)
  pgfrcs.code.tex
 pgfcore.sty    2010/04/11 v2.10 (rcs-revision 1.7)
graphicx.sty    1999/02/16 v1.0f Enhanced LaTeX Graphics (DPC,SPQR)
graphics.sty    2009/02/05 v1.0o Standard LaTeX Graphics (DPC,SPQR)
    trig.sty    1999/03/16 v1.09 sin cos tan (DPC)
graphics.cfg    2009/08/28 v1.8 graphics configuration of TeX Live
  pdftex.def    2010/03/12 v0.04p Graphics/color for pdfTeX
  pgfsys.sty    2010/06/30 v2.10 (rcs-revision 1.37)
  pgfsys.code.tex
pgfsyssoftpath.code.tex    2008/07/18  (rcs-revision 1.7)
pgfsysprotocol.code.tex    2006/10/16  (rcs-revision 1.4)
  xcolor.sty    2007/01/21 v2.11 LaTeX color extensions (UK)
   color.cfg    2007/01/18 v1.5 color configuration of teTeX/TeXLive
 pgfcore.code.tex
pgfcomp-version-0-65.sty    2007/07/03 v2.10 (rcs-revision 1.7)
pgfcomp-version-1-18.sty    2007/07/23 v2.10 (rcs-revision 1.1)
  pgffor.sty    2010/03/23 v2.10 (rcs-revision 1.18)
 pgfkeys.sty    
 pgfkeys.code.tex
  pgffor.code.tex
    tikz.code.tex
pgfplots.sty    2009/02/14 Version 1.2.2
fancyhdr.sty    
 sectsty.sty    2002/02/25 v2.0.2 Commands to change all sectional heading styl
es
 arabtex.sty    2003/08/22  3.11 ArabTeX main module
 arabaux.sty    2003/05/21  3.11 auxiliary macros for ArabTeX
    acmd.sty    2003/08/20  3.11 Arabic command processing 
  afonts.sty    1995/11/16  3.04 define Naskh font 
 afonts2.sty    1998/10/19  3.10 define Naskh fonts for LaTeX2e
   ascan.sty    2003/08/22  3.11 standard ZDMG input encoding 
  aparse.sty    2003/05/26  3.11 get syllables 
  awrite.sty    2003/06/05  3.11 build output word 
xarbsymb.sty    1998/07/15  3.07 symbolic output encoding 
arabskel.sty    2000/06/04  3.10 character skeleton definitions 
xarbskel.sty    1999/07/17  3.09 character skeleton definitions 
  aboxes.sty    2003/05/28  3.11 build output boxes
arabtoks.sty    1999/07/17  3.09 ArabTeX CS token definitions 
arabchrs.sty    1998/07/11  3.07 letter token definitions 
   aligs.sty    2003/05/26  3.11 compute ligatures
 aoutput.sty    2000/06/04  3.10 build output lines
  abidir.sty    2003/08/22  3.11 bidirectional linebreaking
  atrans.sty    2003/06/14  3.11 generate the transliteration 
  alatex.sty    2003/05/04  3.11 ArabTeX extensions for LaTeX 
   afoot.sty    2003/05/12  3.11 ArabTeX footnotes
   abjad.sty    2003/04/26  3.11 abjad numerals 
  apatch.sty    2006/07/02  3.11s last minute patches 
  alists.sty    2003/04/26  3.11 inverted list macros
   asect.sty    2003/04/26  3.11 section macros for Arabic
   atabg.sty    1997/01/21  3.05 LaTeX tabbing macros for Arabic
    utf8.sty    2000/06/13  3.10 UTF-8 input encoding 
 utfcode.sty    2002/03/07  3.10a Arabic+Hebrew segment of UTF-8
  ts1cmr.fd    1999/05/25 v2.5h Standard LaTeX font definitions
supp-pdf.mkii
    umsa.fd    2009/06/22 v3.00 AMS symbols A
    umsb.fd    2009/06/22 v3.00 AMS symbols B
  apatch.sty    2006/07/02  3.11s last minute patches 
Chapters/Chapter0.tex
Chapters/Chapter1.tex
Figures/chap1/tigre.jpg
Figures/chap1/beton.jpg
Figures/chap1/VisionArtificielle1.jpg
Figures/chap1/ImagerieMedical.jpeg
Figures/chap1/reconaissanceFacial.jpg
Figures/chap1/empreinteDigitale.jpeg
Figures/chap1/DetectionPieton.png
Figures/chap1/videoSurveil.jpeg
Figures/chap1/Satellite.png
Figures/chap1/mur.jpg
Figures/chap1/beehive.png
Figures/chap1/aleatoire1.png
Figures/chap1/aleatoire2.png
Figures/chap1/direction.png
Figures/chap1/directionel1.png
Figures/chap1/directionel2.png
Figures/chap1/matrice1.png
Figures/chap1/matrice2.png
Figures/chap1/matrice3.png
Figures/chap1/transLBP.png
Figures/chap1/extractU.png
Figures/chap1/uniforme.png
Figures/chap1/in1.png
Figures/chap1/histo1.png
Figures/chap1/p1.png
Figures/chap1/histcomp1.png
Figures/chap1/p2.png
Figures/chap1/histcomp2.png
Figures/chap1/lbpvariantes.png
Chapters/Chapter2.tex
Figures/chap2/1.png
Figures/chap2/2.png
Figures/chap2/3.png
Figures/chap2/4.png
Figures/chap2/5.png
Figures/chap2/6.png
Figures/chap2/7.png
Figures/chap2/rotation45.png
Figures/chap2/p4.png
Figures/chap2/riu2a.png
Figures/chap2/p5.png
Figures/chap2/riu2b.png
Figures/chap2/t1.png
Figures/chap2/w1.png
Figures/chap2/t2.png
Figures/chap2/w2.png
Figures/chap2/8.png
Figures/chap2/9.png
Figures/chap2/10.png
Chapters/Chapter3.tex
Figures/chap3/3.png
Figures/chap3/4.png
Figures/chap3/5.jpg
Figures/chap3/Capture4343.png
Figures/chap3/Capture4826.png
Figures/chap3/Capture5010.png
Figures/chap3/Capture5253.png
Figures/chap3/texture1.png
Figures/chap3/texture1c.png
Figures/chap3/texture2.png
Figures/chap3/texture2c.png
Figures/chap3/texture3.png
Figures/chap3/texture3c.png
Figures/chap3/cercle1.png
Figures/chap3/cercle1cc.png
Figures/chap3/randome1.png
Figures/chap3/randome1cc.png
Figures/chap3/first.png
Figures/chap3/first2.png
Figures/chap3/second.png
Figures/chap3/second2.png
Figures/chap3/port1.jpg
Figures/chap3/san_fransisco2.png
Figures/chap3/port1.jpg
Figures/chap3/san_fransisco2.png
Chapters/Chapter4.tex
 ***********


LaTeX Warning: There were multiply-defined labels.

 ) 
Here is how much of TeX's memory you used:
 20661 strings out of 495052
 388358 string characters out of 1182341
 481972 words of memory out of 3000000
 23259 multiletter control sequences out of 15000+50000
 19873 words of font info for 55 fonts, out of 3000000 for 9000
 28 hyphenation exceptions out of 8191
 56i,52n,61p,807b,1001s stack positions out of 5000i,500n,10000p,200000b,50000s
 </home/sam/.texmf-var/fonts/pk/ljfour/jknappen/ec/ecbx1440.600pk> </home/sam
/.texmf-var/fonts/pk/ljfour/jknappen/ec/eccc1200.600pk> </home/sam/.texmf-var/f
onts/pk/ljfour/jknappen/ec/ecbx1728.600pk> </home/sam/.texmf-var/fonts/pk/ljfou
r/jknappen/ec/ecti1200.600pk> </home/sam/.texmf-var/fonts/pk/ljfour/jknappen/ec
/ecrm1200.600pk> </home/sam/.texmf-var/fonts/pk/ljfour/jknappen/ec/ecbx1200.600
pk> </home/sam/.texmf-var/fonts/pk/ljfour/jknappen/ec/ecbx2488.600pk></usr/shar
e/texmf-texlive/fonts/type1/public/amsfonts/cm/cmex10.pfb></usr/share/texmf-tex
live/fonts/type1/public/amsfonts/cm/cmmi12.pfb></usr/share/texmf-texlive/fonts/
type1/public/amsfonts/cm/cmmi8.pfb></usr/share/texmf-texlive/fonts/type1/public
/amsfonts/cm/cmr12.pfb></usr/share/texmf-texlive/fonts/type1/public/amsfonts/cm
/cmr8.pfb></usr/share/texmf-texlive/fonts/type1/public/amsfonts/cm/cmsy10.pfb><
/usr/share/texmf-texlive/fonts/type1/public/amsfonts/cm/cmsy8.pfb></usr/share/t
exmf-texlive/fonts/type1/public/amsfonts/symbols/msam10.pfb>
Output written on main.pdf (33 pages, 10594215 bytes).
PDF statistics:
 566 PDF objects out of 1000 (max. 8388607)
 0 named destinations out of 1000 (max. 500000)
 368 words of extra memory for PDF output out of 10000 (max. 10000000)

